BuzzBoardHomepage/app/build/intermediates/manifest_merge_blame_file/debug/processDebugMainManifest/manifest-merger-blame-debug-report.txt
1<?xml version="1.0" encoding="utf-8"?>
2<manifest xmlns:android="http://schemas.android.com/apk/res/android"
3    package="com.example.buzzboard_homepage"
4    android:versionCode="1"
5    android:versionName="1.0" >
6
7    <uses-sdk
8        android:minSdkVersion="24"
9        android:targetSdkVersion="35" />
10
11    <uses-permission android:name="android.permission.INTERNET" />
11-->[com.google.firebase:firebase-auth:23.2.0] AndroidManifest.xml:25:5-67
11-->[com.google.firebase:firebase-auth:23.2.0] AndroidManifest.xml:25:22-64
12    <uses-permission android:name="android.permission.ACCESS_NETWORK_STATE" />
12-->[com.google.firebase:firebase-auth:23.2.0] AndroidManifest.xml:26:5-79
12-->[com.google.firebase:firebase-auth:23.2.0] AndroidManifest.xml:26:22-76
13    <uses-permission android:name="com.google.android.providers.gsf.permission.READ_GSERVICES" />
13-->[com.google.android.recaptcha:recaptcha:18.6.1] AndroidManifest.xml:9:5-98
13-->[com.google.android.recaptcha:recaptcha:18.6.1] AndroidManifest.xml:9:22-95
14    <uses-permission android:name="android.permission.WAKE_LOCK" />
14-->[com.google.android.gms:play-services-measurement-api:22.4.0] AndroidManifest.xml:24:5-68
14-->[com.google.android.gms:play-services-measurement-api:22.4.0] AndroidManifest.xml:24:22-65
15    <uses-permission android:name="com.google.android.gms.permission.AD_ID" />
15-->[com.google.android.gms:play-services-measurement-api:22.4.0] AndroidManifest.xml:25:5-79
15-->[com.google.android.gms:play-services-measurement-api:22.4.0] AndroidManifest.xml:25:22-76
16    <uses-permission android:name="android.permission.ACCESS_ADSERVICES_ATTRIBUTION" />
16-->[com.google.android.gms:play-services-measurement-api:22.4.0] AndroidManifest.xml:26:5-88
16-->[com.google.android.gms:play-services-measurement-api:22.4.0] AndroidManifest.xml:26:22-85
17    <uses-permission android:name="android.permission.ACCESS_ADSERVICES_AD_ID" />
17-->[com.google.android.gms:play-services-measurement-api:22.4.0] AndroidManifest.xml:27:5-82
17-->[com.google.android.gms:play-services-measurement-api:22.4.0] AndroidManifest.xml:27:22-79
18    <uses-permission android:name="com.google.android.finsky.permission.BIND_GET_INSTALL_REFERRER_SERVICE" />
18-->[com.google.android.gms:play-services-measurement:22.4.0] AndroidManifest.xml:26:5-110
18-->[com.google.android.gms:play-services-measurement:22.4.0] AndroidManifest.xml:26:22-107
19
20    <permission
20-->[androidx.core:core:1.13.1] AndroidManifest.xml:22:5-24:47
21        android:name="com.example.buzzboard_homepage.DYNAMIC_RECEIVER_NOT_EXPORTED_PERMISSION"
21-->[androidx.core:core:1.13.1] AndroidManifest.xml:23:9-81
22        android:protectionLevel="signature" />
22-->[androidx.core:core:1.13.1] AndroidManifest.xml:24:9-44
23
24    <uses-permission android:name="com.example.buzzboard_homepage.DYNAMIC_RECEIVER_NOT_EXPORTED_PERMISSION" />
24-->[androidx.core:core:1.13.1] AndroidManifest.xml:26:5-97
24-->[androidx.core:core:1.13.1] AndroidManifest.xml:26:22-94
25
26    <application
26-->src\main\AndroidManifest.xml:5:5-31:19
27        android:allowBackup="true"
27-->src\main\AndroidManifest.xml:6:9-35
28        android:appComponentFactory="androidx.core.app.CoreComponentFactory"
28-->[androidx.core:core:1.13.1] AndroidManifest.xml:28:18-86
29        android:dataExtractionRules="@xml/data_extraction_rules"
29-->src\main\AndroidManifest.xml:7:9-65
30        android:debuggable="true"
31        android:extractNativeLibs="false"
32        android:fullBackupContent="@xml/backup_rules"
32-->src\main\AndroidManifest.xml:8:9-54
33        android:icon="@mipmap/ic_launcher"
33-->src\main\AndroidManifest.xml:9:9-43
34        android:label="@string/app_name"
34-->src\main\AndroidManifest.xml:10:9-41
35        android:roundIcon="@mipmap/ic_launcher_round"
35-->src\main\AndroidManifest.xml:11:9-54
36        android:supportsRtl="true"
36-->src\main\AndroidManifest.xml:12:9-35
37        android:testOnly="true"
38        android:theme="@style/Theme.BuzzBoardHomepage" >
38-->src\main\AndroidManifest.xml:13:9-55
39        <activity
39-->src\main\AndroidManifest.xml:15:9-23:20
40            android:name="com.example.buzzboard_homepage.LoginActivity"
40-->src\main\AndroidManifest.xml:16:13-42
41            android:exported="true" >
41-->src\main\AndroidManifest.xml:17:13-36
42            <intent-filter>
42-->src\main\AndroidManifest.xml:18:13-22:29
43                <action android:name="android.intent.action.MAIN" />
43-->src\main\AndroidManifest.xml:19:17-69
43-->src\main\AndroidManifest.xml:19:25-66
44
45                <category android:name="android.intent.category.LAUNCHER" />
45-->src\main\AndroidManifest.xml:21:17-77
45-->src\main\AndroidManifest.xml:21:27-74
46            </intent-filter>
47        </activity>
48        <activity
48-->src\main\AndroidManifest.xml:24:9-26:40
49            android:name="com.example.buzzboard_homepage.SignupActivity"
49-->src\main\AndroidManifest.xml:25:13-43
50            android:exported="false" />
50-->src\main\AndroidManifest.xml:26:13-37
51        <activity
51-->src\main\AndroidManifest.xml:28:9-30:39
52            android:name="com.example.buzzboard_homepage.MainActivity"
52-->src\main\AndroidManifest.xml:29:13-41
53            android:exported="true" />
53-->src\main\AndroidManifest.xml:30:13-36
54
55        <service
55-->[com.google.firebase:firebase-auth-ktx:23.2.0] AndroidManifest.xml:8:9-14:19
56            android:name="com.google.firebase.components.ComponentDiscoveryService"
56-->[com.google.firebase:firebase-auth-ktx:23.2.0] AndroidManifest.xml:9:13-84
57            android:directBootAware="true"
57-->[com.google.firebase:firebase-common:21.0.0] AndroidManifest.xml:32:13-43
58            android:exported="false" >
58-->[com.google.firebase:firebase-auth-ktx:23.2.0] AndroidManifest.xml:10:13-37
59            <meta-data
59-->[com.google.firebase:firebase-auth-ktx:23.2.0] AndroidManifest.xml:11:13-13:85
60                android:name="com.google.firebase.components:com.google.firebase.auth.ktx.FirebaseAuthLegacyRegistrar"
60-->[com.google.firebase:firebase-auth-ktx:23.2.0] AndroidManifest.xml:12:17-119
61                android:value="com.google.firebase.components.ComponentRegistrar" />
61-->[com.google.firebase:firebase-auth-ktx:23.2.0] AndroidManifest.xml:13:17-82
62            <meta-data
62-->[com.google.firebase:firebase-auth:23.2.0] AndroidManifest.xml:69:13-71:85
63                android:name="com.google.firebase.components:com.google.firebase.auth.FirebaseAuthRegistrar"
63-->[com.google.firebase:firebase-auth:23.2.0] AndroidManifest.xml:70:17-109
64                android:value="com.google.firebase.components.ComponentRegistrar" />
64-->[com.google.firebase:firebase-auth:23.2.0] AndroidManifest.xml:71:17-82
65            <meta-data
65-->[com.google.firebase:firebase-firestore-ktx:25.1.3] AndroidManifest.xml:12:13-14:85
66                android:name="com.google.firebase.components:com.google.firebase.firestore.ktx.FirebaseFirestoreLegacyRegistrar"
66-->[com.google.firebase:firebase-firestore-ktx:25.1.3] AndroidManifest.xml:13:17-129
67                android:value="com.google.firebase.components.ComponentRegistrar" />
67-->[com.google.firebase:firebase-firestore-ktx:25.1.3] AndroidManifest.xml:14:17-82
68            <meta-data
68-->[com.google.firebase:firebase-firestore:25.1.3] AndroidManifest.xml:17:13-19:85
69                android:name="com.google.firebase.components:com.google.firebase.firestore.FirebaseFirestoreKtxRegistrar"
69-->[com.google.firebase:firebase-firestore:25.1.3] AndroidManifest.xml:18:17-122
70                android:value="com.google.firebase.components.ComponentRegistrar" />
70-->[com.google.firebase:firebase-firestore:25.1.3] AndroidManifest.xml:19:17-82
71            <meta-data
71-->[com.google.firebase:firebase-firestore:25.1.3] AndroidManifest.xml:20:13-22:85
72                android:name="com.google.firebase.components:com.google.firebase.firestore.FirestoreRegistrar"
72-->[com.google.firebase:firebase-firestore:25.1.3] AndroidManifest.xml:21:17-111
73                android:value="com.google.firebase.components.ComponentRegistrar" />
73-->[com.google.firebase:firebase-firestore:25.1.3] AndroidManifest.xml:22:17-82
74            <meta-data
74-->[com.google.android.gms:play-services-measurement-api:22.4.0] AndroidManifest.xml:33:13-35:85
75                android:name="com.google.firebase.components:com.google.firebase.analytics.connector.internal.AnalyticsConnectorRegistrar"
75-->[com.google.android.gms:play-services-measurement-api:22.4.0] AndroidManifest.xml:34:17-139
76                android:value="com.google.firebase.components.ComponentRegistrar" />
76-->[com.google.android.gms:play-services-measurement-api:22.4.0] AndroidManifest.xml:35:17-82
77            <meta-data
77-->[com.google.firebase:firebase-installations:18.0.0] AndroidManifest.xml:15:13-17:85
78                android:name="com.google.firebase.components:com.google.firebase.installations.FirebaseInstallationsKtxRegistrar"
78-->[com.google.firebase:firebase-installations:18.0.0] AndroidManifest.xml:16:17-130
79                android:value="com.google.firebase.components.ComponentRegistrar" />
79-->[com.google.firebase:firebase-installations:18.0.0] AndroidManifest.xml:17:17-82
80            <meta-data
80-->[com.google.firebase:firebase-installations:18.0.0] AndroidManifest.xml:18:13-20:85
81                android:name="com.google.firebase.components:com.google.firebase.installations.FirebaseInstallationsRegistrar"
81-->[com.google.firebase:firebase-installations:18.0.0] AndroidManifest.xml:19:17-127
82                android:value="com.google.firebase.components.ComponentRegistrar" />
82-->[com.google.firebase:firebase-installations:18.0.0] AndroidManifest.xml:20:17-82
83            <meta-data
83-->[com.google.firebase:firebase-common-ktx:21.0.0] AndroidManifest.xml:12:13-14:85
84                android:name="com.google.firebase.components:com.google.firebase.ktx.FirebaseCommonLegacyRegistrar"
84-->[com.google.firebase:firebase-common-ktx:21.0.0] AndroidManifest.xml:13:17-116
85                android:value="com.google.firebase.components.ComponentRegistrar" />
85-->[com.google.firebase:firebase-common-ktx:21.0.0] AndroidManifest.xml:14:17-82
86            <meta-data
86-->[com.google.firebase:firebase-common:21.0.0] AndroidManifest.xml:35:13-37:85
87                android:name="com.google.firebase.components:com.google.firebase.FirebaseCommonKtxRegistrar"
87-->[com.google.firebase:firebase-common:21.0.0] AndroidManifest.xml:36:17-109
88                android:value="com.google.firebase.components.ComponentRegistrar" />
88-->[com.google.firebase:firebase-common:21.0.0] AndroidManifest.xml:37:17-82
89        </service>
90
91        <activity
91-->[com.google.firebase:firebase-auth:23.2.0] AndroidManifest.xml:29:9-46:20
92            android:name="com.google.firebase.auth.internal.GenericIdpActivity"
92-->[com.google.firebase:firebase-auth:23.2.0] AndroidManifest.xml:30:13-80
93            android:excludeFromRecents="true"
93-->[com.google.firebase:firebase-auth:23.2.0] AndroidManifest.xml:31:13-46
94            android:exported="true"
94-->[com.google.firebase:firebase-auth:23.2.0] AndroidManifest.xml:32:13-36
95            android:launchMode="singleTask"
95-->[com.google.firebase:firebase-auth:23.2.0] AndroidManifest.xml:33:13-44
96            android:theme="@android:style/Theme.Translucent.NoTitleBar" >
96-->[com.google.firebase:firebase-auth:23.2.0] AndroidManifest.xml:34:13-72
97            <intent-filter>
97-->[com.google.firebase:firebase-auth:23.2.0] AndroidManifest.xml:35:13-45:29
98                <action android:name="android.intent.action.VIEW" />
98-->[com.google.firebase:firebase-auth:23.2.0] AndroidManifest.xml:36:17-69
98-->[com.google.firebase:firebase-auth:23.2.0] AndroidManifest.xml:36:25-66
99
100                <category android:name="android.intent.category.DEFAULT" />
100-->[com.google.firebase:firebase-auth:23.2.0] AndroidManifest.xml:38:17-76
100-->[com.google.firebase:firebase-auth:23.2.0] AndroidManifest.xml:38:27-73
101                <category android:name="android.intent.category.BROWSABLE" />
101-->[com.google.firebase:firebase-auth:23.2.0] AndroidManifest.xml:39:17-78
101-->[com.google.firebase:firebase-auth:23.2.0] AndroidManifest.xml:39:27-75
102
103                <data
103-->[com.google.firebase:firebase-auth:23.2.0] AndroidManifest.xml:41:17-44:51
104                    android:host="firebase.auth"
104-->[com.google.firebase:firebase-auth:23.2.0] AndroidManifest.xml:42:21-49
105                    android:path="/"
105-->[com.google.firebase:firebase-auth:23.2.0] AndroidManifest.xml:43:21-37
106                    android:scheme="genericidp" />
106-->[com.google.firebase:firebase-auth:23.2.0] AndroidManifest.xml:44:21-48
107            </intent-filter>
108        </activity>
109        <activity
109-->[com.google.firebase:firebase-auth:23.2.0] AndroidManifest.xml:47:9-64:20
110            android:name="com.google.firebase.auth.internal.RecaptchaActivity"
110-->[com.google.firebase:firebase-auth:23.2.0] AndroidManifest.xml:48:13-79
111            android:excludeFromRecents="true"
111-->[com.google.firebase:firebase-auth:23.2.0] AndroidManifest.xml:49:13-46
112            android:exported="true"
112-->[com.google.firebase:firebase-auth:23.2.0] AndroidManifest.xml:50:13-36
113            android:launchMode="singleTask"
113-->[com.google.firebase:firebase-auth:23.2.0] AndroidManifest.xml:51:13-44
114            android:theme="@android:style/Theme.Translucent.NoTitleBar" >
114-->[com.google.firebase:firebase-auth:23.2.0] AndroidManifest.xml:52:13-72
115            <intent-filter>
115-->[com.google.firebase:firebase-auth:23.2.0] AndroidManifest.xml:53:13-63:29
116                <action android:name="android.intent.action.VIEW" />
116-->[com.google.firebase:firebase-auth:23.2.0] AndroidManifest.xml:36:17-69
116-->[com.google.firebase:firebase-auth:23.2.0] AndroidManifest.xml:36:25-66
117
118                <category android:name="android.intent.category.DEFAULT" />
118-->[com.google.firebase:firebase-auth:23.2.0] AndroidManifest.xml:38:17-76
118-->[com.google.firebase:firebase-auth:23.2.0] AndroidManifest.xml:38:27-73
119                <category android:name="android.intent.category.BROWSABLE" />
119-->[com.google.firebase:firebase-auth:23.2.0] AndroidManifest.xml:39:17-78
119-->[com.google.firebase:firebase-auth:23.2.0] AndroidManifest.xml:39:27-75
120
121                <data
121-->[com.google.firebase:firebase-auth:23.2.0] AndroidManifest.xml:41:17-44:51
122                    android:host="firebase.auth"
122-->[com.google.firebase:firebase-auth:23.2.0] AndroidManifest.xml:42:21-49
123                    android:path="/"
123-->[com.google.firebase:firebase-auth:23.2.0] AndroidManifest.xml:43:21-37
124                    android:scheme="recaptcha" />
124-->[com.google.firebase:firebase-auth:23.2.0] AndroidManifest.xml:44:21-48
125            </intent-filter>
126        </activity>
127
128        <service
128-->[androidx.credentials:credentials-play-services-auth:1.2.0-rc01] AndroidManifest.xml:24:9-32:19
129            android:name="androidx.credentials.playservices.CredentialProviderMetadataHolder"
129-->[androidx.credentials:credentials-play-services-auth:1.2.0-rc01] AndroidManifest.xml:25:13-94
130            android:enabled="true"
130-->[androidx.credentials:credentials-play-services-auth:1.2.0-rc01] AndroidManifest.xml:26:13-35
131            android:exported="false" >
131-->[androidx.credentials:credentials-play-services-auth:1.2.0-rc01] AndroidManifest.xml:27:13-37
132            <meta-data
132-->[androidx.credentials:credentials-play-services-auth:1.2.0-rc01] AndroidManifest.xml:29:13-31:104
133                android:name="androidx.credentials.CREDENTIAL_PROVIDER_KEY"
133-->[androidx.credentials:credentials-play-services-auth:1.2.0-rc01] AndroidManifest.xml:30:17-76
134                android:value="androidx.credentials.playservices.CredentialProviderPlayServicesImpl" />
134-->[androidx.credentials:credentials-play-services-auth:1.2.0-rc01] AndroidManifest.xml:31:17-101
135        </service>
136
137        <activity
137-->[androidx.credentials:credentials-play-services-auth:1.2.0-rc01] AndroidManifest.xml:34:9-41:20
138            android:name="androidx.credentials.playservices.HiddenActivity"
138-->[androidx.credentials:credentials-play-services-auth:1.2.0-rc01] AndroidManifest.xml:35:13-76
139            android:configChanges="orientation|screenSize|screenLayout|keyboardHidden"
139-->[androidx.credentials:credentials-play-services-auth:1.2.0-rc01] AndroidManifest.xml:36:13-87
140            android:enabled="true"
140-->[androidx.credentials:credentials-play-services-auth:1.2.0-rc01] AndroidManifest.xml:37:13-35
141            android:exported="false"
141-->[androidx.credentials:credentials-play-services-auth:1.2.0-rc01] AndroidManifest.xml:38:13-37
142            android:fitsSystemWindows="true"
142-->[androidx.credentials:credentials-play-services-auth:1.2.0-rc01] AndroidManifest.xml:39:13-45
143            android:theme="@style/Theme.Hidden" >
143-->[androidx.credentials:credentials-play-services-auth:1.2.0-rc01] AndroidManifest.xml:40:13-48
144        </activity>
145        <activity
145-->[com.google.android.gms:play-services-auth:20.7.0] AndroidManifest.xml:23:9-27:75
146            android:name="com.google.android.gms.auth.api.signin.internal.SignInHubActivity"
146-->[com.google.android.gms:play-services-auth:20.7.0] AndroidManifest.xml:24:13-93
147            android:excludeFromRecents="true"
147-->[com.google.android.gms:play-services-auth:20.7.0] AndroidManifest.xml:25:13-46
148            android:exported="false"
148-->[com.google.android.gms:play-services-auth:20.7.0] AndroidManifest.xml:26:13-37
149            android:theme="@android:style/Theme.Translucent.NoTitleBar" />
149-->[com.google.android.gms:play-services-auth:20.7.0] AndroidManifest.xml:27:13-72
150        <!--
151            Service handling Google Sign-In user revocation. For apps that do not integrate with
152            Google Sign-In, this service will never be started.
153        -->
154        <service
154-->[com.google.android.gms:play-services-auth:20.7.0] AndroidManifest.xml:33:9-37:51
155            android:name="com.google.android.gms.auth.api.signin.RevocationBoundService"
155-->[com.google.android.gms:play-services-auth:20.7.0] AndroidManifest.xml:34:13-89
156            android:exported="true"
156-->[com.google.android.gms:play-services-auth:20.7.0] AndroidManifest.xml:35:13-36
157            android:permission="com.google.android.gms.auth.api.signin.permission.REVOCATION_NOTIFICATION"
157-->[com.google.android.gms:play-services-auth:20.7.0] AndroidManifest.xml:36:13-107
158            android:visibleToInstantApps="true" />
158-->[com.google.android.gms:play-services-auth:20.7.0] AndroidManifest.xml:37:13-48
159
160        <provider
160-->[com.google.firebase:firebase-common:21.0.0] AndroidManifest.xml:23:9-28:39
161            android:name="com.google.firebase.provider.FirebaseInitProvider"
161-->[com.google.firebase:firebase-common:21.0.0] AndroidManifest.xml:24:13-77
162            android:authorities="com.example.buzzboard_homepage.firebaseinitprovider"
162-->[com.google.firebase:firebase-common:21.0.0] AndroidManifest.xml:25:13-72
163            android:directBootAware="true"
163-->[com.google.firebase:firebase-common:21.0.0] AndroidManifest.xml:26:13-43
164            android:exported="false"
164-->[com.google.firebase:firebase-common:21.0.0] AndroidManifest.xml:27:13-37
165            android:initOrder="100" />
165-->[com.google.firebase:firebase-common:21.0.0] AndroidManifest.xml:28:13-36
166
167        <activity
167-->[androidx.compose.ui:ui-tooling-android:1.7.0] AndroidManifest.xml:23:9-25:39
168            android:name="androidx.compose.ui.tooling.PreviewActivity"
168-->[androidx.compose.ui:ui-tooling-android:1.7.0] AndroidManifest.xml:24:13-71
169            android:exported="true" />
169-->[androidx.compose.ui:ui-tooling-android:1.7.0] AndroidManifest.xml:25:13-36
170
171        <provider
171-->[androidx.emoji2:emoji2:1.3.0] AndroidManifest.xml:24:9-32:20
172            android:name="androidx.startup.InitializationProvider"
172-->[androidx.emoji2:emoji2:1.3.0] AndroidManifest.xml:25:13-67
173            android:authorities="com.example.buzzboard_homepage.androidx-startup"
173-->[androidx.emoji2:emoji2:1.3.0] AndroidManifest.xml:26:13-68
174            android:exported="false" >
174-->[androidx.emoji2:emoji2:1.3.0] AndroidManifest.xml:27:13-37
175            <meta-data
175-->[androidx.emoji2:emoji2:1.3.0] AndroidManifest.xml:29:13-31:52
176                android:name="androidx.emoji2.text.EmojiCompatInitializer"
176-->[androidx.emoji2:emoji2:1.3.0] AndroidManifest.xml:30:17-75
177                android:value="androidx.startup" />
177-->[androidx.emoji2:emoji2:1.3.0] AndroidManifest.xml:31:17-49
178            <meta-data
178-->[androidx.lifecycle:lifecycle-process:2.8.7] AndroidManifest.xml:29:13-31:52
179                android:name="androidx.lifecycle.ProcessLifecycleInitializer"
179-->[androidx.lifecycle:lifecycle-process:2.8.7] AndroidManifest.xml:30:17-78
180                android:value="androidx.startup" />
180-->[androidx.lifecycle:lifecycle-process:2.8.7] AndroidManifest.xml:31:17-49
181            <meta-data
181-->[androidx.profileinstaller:profileinstaller:1.4.0] AndroidManifest.xml:29:13-31:52
182                android:name="androidx.profileinstaller.ProfileInstallerInitializer"
182-->[androidx.profileinstaller:profileinstaller:1.4.0] AndroidManifest.xml:30:17-85
183                android:value="androidx.startup" />
183-->[androidx.profileinstaller:profileinstaller:1.4.0] AndroidManifest.xml:31:17-49
184        </provider>
185
186        <receiver
186-->[com.google.android.gms:play-services-measurement:22.4.0] AndroidManifest.xml:29:9-33:20
187            android:name="com.google.android.gms.measurement.AppMeasurementReceiver"
187-->[com.google.android.gms:play-services-measurement:22.4.0] AndroidManifest.xml:30:13-85
188            android:enabled="true"
188-->[com.google.android.gms:play-services-measurement:22.4.0] AndroidManifest.xml:31:13-35
189            android:exported="false" >
189-->[com.google.android.gms:play-services-measurement:22.4.0] AndroidManifest.xml:32:13-37
190        </receiver>
191
192        <service
192-->[com.google.android.gms:play-services-measurement:22.4.0] AndroidManifest.xml:35:9-38:40
193            android:name="com.google.android.gms.measurement.AppMeasurementService"
193-->[com.google.android.gms:play-services-measurement:22.4.0] AndroidManifest.xml:36:13-84
194            android:enabled="true"
194-->[com.google.android.gms:play-services-measurement:22.4.0] AndroidManifest.xml:37:13-35
195            android:exported="false" />
195-->[com.google.android.gms:play-services-measurement:22.4.0] AndroidManifest.xml:38:13-37
196        <service
196-->[com.google.android.gms:play-services-measurement:22.4.0] AndroidManifest.xml:39:9-43:72
197            android:name="com.google.android.gms.measurement.AppMeasurementJobService"
197-->[com.google.android.gms:play-services-measurement:22.4.0] AndroidManifest.xml:40:13-87
198            android:enabled="true"
198-->[com.google.android.gms:play-services-measurement:22.4.0] AndroidManifest.xml:41:13-35
199            android:exported="false"
199-->[com.google.android.gms:play-services-measurement:22.4.0] AndroidManifest.xml:42:13-37
200            android:permission="android.permission.BIND_JOB_SERVICE" />
200-->[com.google.android.gms:play-services-measurement:22.4.0] AndroidManifest.xml:43:13-69
201
202        <activity
202-->[com.google.android.gms:play-services-base:18.5.0] AndroidManifest.xml:5:9-173
203            android:name="com.google.android.gms.common.api.GoogleApiActivity"
203-->[com.google.android.gms:play-services-base:18.5.0] AndroidManifest.xml:5:19-85
204            android:exported="false"
204-->[com.google.android.gms:play-services-base:18.5.0] AndroidManifest.xml:5:146-170
205            android:theme="@android:style/Theme.Translucent.NoTitleBar" />
205-->[com.google.android.gms:play-services-base:18.5.0] AndroidManifest.xml:5:86-145
206
207        <uses-library
207-->[androidx.privacysandbox.ads:ads-adservices:1.1.0-beta11] AndroidManifest.xml:23:9-25:40
208            android:name="android.ext.adservices"
208-->[androidx.privacysandbox.ads:ads-adservices:1.1.0-beta11] AndroidManifest.xml:24:13-50
209            android:required="false" />
209-->[androidx.privacysandbox.ads:ads-adservices:1.1.0-beta11] AndroidManifest.xml:25:13-37
210
211        <meta-data
211-->[com.google.android.gms:play-services-basement:18.5.0] AndroidManifest.xml:21:9-23:69
212            android:name="com.google.android.gms.version"
212-->[com.google.android.gms:play-services-basement:18.5.0] AndroidManifest.xml:22:13-58
213            android:value="@integer/google_play_services_version" />
213-->[com.google.android.gms:play-services-basement:18.5.0] AndroidManifest.xml:23:13-66
214
215        <activity
215-->[androidx.compose.ui:ui-test-manifest:1.7.0] AndroidManifest.xml:23:9-25:39
216            android:name="androidx.activity.ComponentActivity"
216-->[androidx.compose.ui:ui-test-manifest:1.7.0] AndroidManifest.xml:24:13-63
217            android:exported="true" />
217-->[androidx.compose.ui:ui-test-manifest:1.7.0] AndroidManifest.xml:25:13-36
218
219        <receiver
219-->[androidx.profileinstaller:profileinstaller:1.4.0] AndroidManifest.xml:34:9-52:20
220            android:name="androidx.profileinstaller.ProfileInstallReceiver"
220-->[androidx.profileinstaller:profileinstaller:1.4.0] AndroidManifest.xml:35:13-76
221            android:directBootAware="false"
221-->[androidx.profileinstaller:profileinstaller:1.4.0] AndroidManifest.xml:36:13-44
222            android:enabled="true"
222-->[androidx.profileinstaller:profileinstaller:1.4.0] AndroidManifest.xml:37:13-35
223            android:exported="true"
223-->[androidx.profileinstaller:profileinstaller:1.4.0] AndroidManifest.xml:38:13-36
224            android:permission="android.permission.DUMP" >
224-->[androidx.profileinstaller:profileinstaller:1.4.0] AndroidManifest.xml:39:13-57
225            <intent-filter>
225-->[androidx.profileinstaller:profileinstaller:1.4.0] AndroidManifest.xml:40:13-42:29
226                <action android:name="androidx.profileinstaller.action.INSTALL_PROFILE" />
226-->[androidx.profileinstaller:profileinstaller:1.4.0] AndroidManifest.xml:41:17-91
226-->[androidx.profileinstaller:profileinstaller:1.4.0] AndroidManifest.xml:41:25-88
227            </intent-filter>
228            <intent-filter>
228-->[androidx.profileinstaller:profileinstaller:1.4.0] AndroidManifest.xml:43:13-45:29
229                <action android:name="androidx.profileinstaller.action.SKIP_FILE" />
229-->[androidx.profileinstaller:profileinstaller:1.4.0] AndroidManifest.xml:44:17-85
229-->[androidx.profileinstaller:profileinstaller:1.4.0] AndroidManifest.xml:44:25-82
230            </intent-filter>
231            <intent-filter>
231-->[androidx.profileinstaller:profileinstaller:1.4.0] AndroidManifest.xml:46:13-48:29
232                <action android:name="androidx.profileinstaller.action.SAVE_PROFILE" />
232-->[androidx.profileinstaller:profileinstaller:1.4.0] AndroidManifest.xml:47:17-88
232-->[androidx.profileinstaller:profileinstaller:1.4.0] AndroidManifest.xml:47:25-85
233            </intent-filter>
234            <intent-filter>
234-->[androidx.profileinstaller:profileinstaller:1.4.0] AndroidManifest.xml:49:13-51:29
235                <action android:name="androidx.profileinstaller.action.BENCHMARK_OPERATION" />
235-->[androidx.profileinstaller:profileinstaller:1.4.0] AndroidManifest.xml:50:17-95
235-->[androidx.profileinstaller:profileinstaller:1.4.0] AndroidManifest.xml:50:25-92
236            </intent-filter>
237        </receiver> <!-- The activities will be merged into the manifest of the hosting app. -->
238        <activity
238-->[com.google.android.play:core-common:2.0.3] AndroidManifest.xml:14:9-18:65
239            android:name="com.google.android.play.core.common.PlayCoreDialogWrapperActivity"
239-->[com.google.android.play:core-common:2.0.3] AndroidManifest.xml:15:13-93
240            android:exported="false"
240-->[com.google.android.play:core-common:2.0.3] AndroidManifest.xml:16:13-37
241            android:stateNotNeeded="true"
241-->[com.google.android.play:core-common:2.0.3] AndroidManifest.xml:17:13-42
242            android:theme="@style/Theme.PlayCore.Transparent" />
242-->[com.google.android.play:core-common:2.0.3] AndroidManifest.xml:18:13-62
243    </application>
244
245</manifest>